0 info it worked if it ends with ok
1 verbose cli [ '/Users/roshow/.nvm/versions/node/v6.0.0/bin/node',
1 verbose cli   '/Users/roshow/.nvm/versions/node/v6.0.0/bin/npm',
1 verbose cli   'run',
1 verbose cli   'babel-node',
1 verbose cli   'app.js' ]
2 info using npm@3.8.6
3 info using node@v6.0.0
4 verbose run-script [ 'prebabel-node', 'babel-node', 'postbabel-node' ]
5 info lifecycle universaljs@1.0.0~prebabel-node: universaljs@1.0.0
6 silly lifecycle universaljs@1.0.0~prebabel-node: no script for prebabel-node, continuing
7 info lifecycle universaljs@1.0.0~babel-node: universaljs@1.0.0
8 verbose lifecycle universaljs@1.0.0~babel-node: unsafe-perm in lifecycle true
9 verbose lifecycle universaljs@1.0.0~babel-node: PATH: /Users/roshow/.nvm/versions/node/v6.0.0/lib/node_modules/npm/bin/node-gyp-bin:/Users/roshow/sandbox/league-frontend/node_modules/.bin:/Users/roshow/.nvm/versions/node/v6.0.0/bin:/Users/roshow/.nvm/versions/node/v6.0.0/lib/node_modules/npm/bin/node-gyp-bin:/Users/roshow/sandbox/league-frontend/node_modules/.bin:/Users/roshow/.nvm/versions/node/v6.0.0/bin:/Users/roshow/.nvm/versions/node/v6.0.0/bin:/Library/Frameworks/Python.framework/Versions/2.7/bin:/Library/Frameworks/Python.framework/Versions/3.4/bin:/Users/roshow/.rbenv/shims:/usr/local/heroku/bin:/usr/local/bin:/usr/bin:/bin:/usr/sbin:/sbin
10 verbose lifecycle universaljs@1.0.0~babel-node: CWD: /Users/roshow/sandbox/league-frontend
11 silly lifecycle universaljs@1.0.0~babel-node: Args: [ '-c', 'babel-node "app.js"' ]
12 silly lifecycle universaljs@1.0.0~babel-node: Returned: code: 1  signal: null
13 info lifecycle universaljs@1.0.0~babel-node: Failed to exec babel-node script
14 verbose stack Error: universaljs@1.0.0 babel-node: `babel-node "app.js"`
14 verbose stack Exit status 1
14 verbose stack     at EventEmitter.<anonymous> (/Users/roshow/.nvm/versions/node/v6.0.0/lib/node_modules/npm/lib/utils/lifecycle.js:239:16)
14 verbose stack     at emitTwo (events.js:106:13)
14 verbose stack     at EventEmitter.emit (events.js:191:7)
14 verbose stack     at ChildProcess.<anonymous> (/Users/roshow/.nvm/versions/node/v6.0.0/lib/node_modules/npm/lib/utils/spawn.js:24:14)
14 verbose stack     at emitTwo (events.js:106:13)
14 verbose stack     at ChildProcess.emit (events.js:191:7)
14 verbose stack     at maybeClose (internal/child_process.js:850:16)
14 verbose stack     at Process.ChildProcess._handle.onexit (internal/child_process.js:215:5)
15 verbose pkgid universaljs@1.0.0
16 verbose cwd /Users/roshow/sandbox/league-frontend
17 error Darwin 14.5.0
18 error argv "/Users/roshow/.nvm/versions/node/v6.0.0/bin/node" "/Users/roshow/.nvm/versions/node/v6.0.0/bin/npm" "run" "babel-node" "app.js"
19 error node v6.0.0
20 error npm  v3.8.6
21 error code ELIFECYCLE
22 error universaljs@1.0.0 babel-node: `babel-node "app.js"`
22 error Exit status 1
23 error Failed at the universaljs@1.0.0 babel-node script 'babel-node "app.js"'.
23 error Make sure you have the latest version of node.js and npm installed.
23 error If you do, this is most likely a problem with the universaljs package,
23 error not with npm itself.
23 error Tell the author that this fails on your system:
23 error     babel-node "app.js"
23 error You can get information on how to open an issue for this project with:
23 error     npm bugs universaljs
23 error Or if that isn't available, you can get their info via:
23 error     npm owner ls universaljs
23 error There is likely additional logging output above.
24 verbose exit [ 1, true ]
